00:17:18.548 [main] INFO  com.chuf.sys.io.OSFileIO - Start process com.chuf.sys.io.OSFileIO...
16:52:18.907 [main] INFO  com.chuf.sys.io.FileTest - 文件创建成功true
16:52:18.915 [main] INFO  com.chuf.sys.io.FileTest - 文件名称:xxoo.txt
16:52:18.916 [main] INFO  com.chuf.sys.io.FileTest - 文件绝对路径:/Users/wb_chufan/IdeaProjects/Dash/./xxoo.txt
16:52:18.916 [main] INFO  com.chuf.sys.io.FileTest - 文件父级目录:.
16:52:18.917 [main] INFO  com.chuf.sys.io.FileTest - 文件大小:0
16:52:18.917 [main] INFO  com.chuf.sys.io.FileTest - 文件是否存在:true
16:52:18.917 [main] INFO  com.chuf.sys.io.FileTest - 是不是一个文件:true
16:52:18.917 [main] INFO  com.chuf.sys.io.FileTest - 是不是同一个目录:false
16:52:49.983 [main] INFO  com.chuf.sys.io.FileTest - 文件创建成功true
16:52:49.987 [main] INFO  com.chuf.sys.io.FileTest - 文件名称:xxoo.txt
16:52:49.987 [main] INFO  com.chuf.sys.io.FileTest - 文件绝对路径:/Users/wb_chufan/IdeaProjects/Dash/xxoo.txt
16:52:49.987 [main] INFO  com.chuf.sys.io.FileTest - 文件父级目录:null
16:52:49.987 [main] INFO  com.chuf.sys.io.FileTest - 文件大小:0
16:52:49.987 [main] INFO  com.chuf.sys.io.FileTest - 文件是否存在:true
16:52:49.988 [main] INFO  com.chuf.sys.io.FileTest - 是不是一个文件:true
16:52:49.988 [main] INFO  com.chuf.sys.io.FileTest - 是不是同一个目录:false
16:53:27.348 [main] INFO  com.chuf.sys.io.FileTest - 文件创建成功true
16:53:27.352 [main] INFO  com.chuf.sys.io.FileTest - 文件名称:xxoo.txt
16:53:27.352 [main] INFO  com.chuf.sys.io.FileTest - 文件绝对路径:/Users/wb_chufan/IdeaProjects/Dash/./sysio/xxoo.txt
16:53:27.352 [main] INFO  com.chuf.sys.io.FileTest - 文件父级目录:./sysio
16:53:27.352 [main] INFO  com.chuf.sys.io.FileTest - 文件大小:0
16:53:27.352 [main] INFO  com.chuf.sys.io.FileTest - 文件是否存在:true
16:53:27.352 [main] INFO  com.chuf.sys.io.FileTest - 是不是一个文件:true
16:53:27.353 [main] INFO  com.chuf.sys.io.FileTest - 是不是同一个目录:false
17:03:46.565 [main] INFO  com.chuf.sys.io.FileTest - 文件创建成功true
17:03:46.570 [main] INFO  com.chuf.sys.io.FileTest - 文件名称:xxoo.txt
17:03:46.570 [main] INFO  com.chuf.sys.io.FileTest - 文件绝对路径:/Users/wb_chufan/IdeaProjects/Dash/xxoo.txt
17:03:46.570 [main] INFO  com.chuf.sys.io.FileTest - 文件父级目录:null
17:03:46.570 [main] INFO  com.chuf.sys.io.FileTest - 文件大小:0
17:03:46.570 [main] INFO  com.chuf.sys.io.FileTest - 文件是否存在:true
17:03:46.570 [main] INFO  com.chuf.sys.io.FileTest - 是不是一个文件:true
17:03:46.571 [main] INFO  com.chuf.sys.io.FileTest - 是不是同一个目录:false
17:03:46.571 [main] INFO  com.chuf.sys.io.FileTest - 删除文件:true
17:03:56.845 [main] INFO  com.chuf.sys.io.FileTest - 文件创建成功true
17:03:56.849 [main] INFO  com.chuf.sys.io.FileTest - 文件名称:xxoo.txt
17:03:56.849 [main] INFO  com.chuf.sys.io.FileTest - 文件绝对路径:/Users/wb_chufan/IdeaProjects/Dash/xxoo.txt
17:03:56.849 [main] INFO  com.chuf.sys.io.FileTest - 文件父级目录:null
17:03:56.849 [main] INFO  com.chuf.sys.io.FileTest - 文件大小:0
17:03:56.849 [main] INFO  com.chuf.sys.io.FileTest - 文件是否存在:true
17:03:56.850 [main] INFO  com.chuf.sys.io.FileTest - 是不是一个文件:true
17:03:56.850 [main] INFO  com.chuf.sys.io.FileTest - 是不是同一个目录:false
17:25:13.304 [main] INFO  com.chuf.sys.io.FileTest - 文件创建成功true
17:25:13.308 [main] INFO  com.chuf.sys.io.FileTest - 文件名称:xxoo.txt
17:25:13.308 [main] INFO  com.chuf.sys.io.FileTest - 文件绝对路径:/Users/wb_chufan/IdeaProjects/Dash/./sysio/xxoo.txt
17:25:13.308 [main] INFO  com.chuf.sys.io.FileTest - 文件父级目录:./sysio
17:25:13.308 [main] INFO  com.chuf.sys.io.FileTest - 文件大小:0
17:25:13.309 [main] INFO  com.chuf.sys.io.FileTest - 文件是否存在:true
17:25:13.309 [main] INFO  com.chuf.sys.io.FileTest - 是不是一个文件:true
17:25:13.309 [main] INFO  com.chuf.sys.io.FileTest - 是不是同一个目录:false
17:26:03.916 [main] INFO  com.chuf.sys.io.FileInputStreamTest - 输出:
17:26:03.920 [main] INFO  com.chuf.sys.io.FileInputStreamTest - 输出:å
17:26:03.920 [main] INFO  com.chuf.sys.io.FileInputStreamTest - 输出:½
17:26:03.920 [main] INFO  com.chuf.sys.io.FileInputStreamTest - 输出:°
17:26:03.920 [main] INFO  com.chuf.sys.io.FileInputStreamTest - 输出:ç
17:26:03.920 [main] INFO  com.chuf.sys.io.FileInputStreamTest - 输出:²
17:26:03.921 [main] INFO  com.chuf.sys.io.FileInputStreamTest - 输出:
17:26:03.921 [main] INFO  com.chuf.sys.io.FileInputStreamTest - 输出:ä
17:26:03.921 [main] INFO  com.chuf.sys.io.FileInputStreamTest - 输出:
17:26:03.921 [main] INFO  com.chuf.sys.io.FileInputStreamTest - 输出:
17:26:03.921 [main] INFO  com.chuf.sys.io.FileInputStreamTest - 输出:å
17:26:03.921 [main] INFO  com.chuf.sys.io.FileInputStreamTest - 输出:
17:26:03.921 [main] INFO  com.chuf.sys.io.FileInputStreamTest - 输出:¸
17:26:03.922 [main] INFO  com.chuf.sys.io.FileInputStreamTest - 输出:å
17:26:03.922 [main] INFO  com.chuf.sys.io.FileInputStreamTest - 输出:§
17:26:03.922 [main] INFO  com.chuf.sys.io.FileInputStreamTest - 输出:
17:26:03.922 [main] INFO  com.chuf.sys.io.FileInputStreamTest - 输出:å
17:26:03.922 [main] INFO  com.chuf.sys.io.FileInputStreamTest - 输出:
17:26:03.922 [main] INFO  com.chuf.sys.io.FileInputStreamTest - 输出:¡
17:26:03.923 [main] INFO  com.chuf.sys.io.FileInputStreamTest - 输出:ç
17:26:03.923 [main] INFO  com.chuf.sys.io.FileInputStreamTest - 输出:µ
17:26:03.923 [main] INFO  com.chuf.sys.io.FileInputStreamTest - 输出:
17:26:03.923 [main] INFO  com.chuf.sys.io.FileInputStreamTest - 输出:å
17:26:03.923 [main] INFO  com.chuf.sys.io.FileInputStreamTest - 输出:¢
17:26:03.923 [main] INFO  com.chuf.sys.io.FileInputStreamTest - 输出:
17:26:03.923 [main] INFO  com.chuf.sys.io.FileInputStreamTest - 输出:

17:26:03.924 [main] INFO  com.chuf.sys.io.FileInputStreamTest - 输出:j
17:26:03.924 [main] INFO  com.chuf.sys.io.FileInputStreamTest - 输出:a
17:26:03.924 [main] INFO  com.chuf.sys.io.FileInputStreamTest - 输出:h
17:26:03.924 [main] INFO  com.chuf.sys.io.FileInputStreamTest - 输出:l
17:26:03.924 [main] INFO  com.chuf.sys.io.FileInputStreamTest - 输出:a
17:26:03.924 [main] INFO  com.chuf.sys.io.FileInputStreamTest - 输出:k
17:26:03.924 [main] INFO  com.chuf.sys.io.FileInputStreamTest - 输出:d
17:26:03.925 [main] INFO  com.chuf.sys.io.FileInputStreamTest - 输出:i
17:26:03.925 [main] INFO  com.chuf.sys.io.FileInputStreamTest - 输出:u
17:26:03.925 [main] INFO  com.chuf.sys.io.FileInputStreamTest - 输出:i
17:26:03.925 [main] INFO  com.chuf.sys.io.FileInputStreamTest - 输出:w
17:26:03.925 [main] INFO  com.chuf.sys.io.FileInputStreamTest - 输出:r
17:26:03.925 [main] INFO  com.chuf.sys.io.FileInputStreamTest - 输出:a
17:26:03.925 [main] INFO  com.chuf.sys.io.FileInputStreamTest - 输出:s
17:26:03.925 [main] INFO  com.chuf.sys.io.FileInputStreamTest - 输出:@
17:26:03.925 [main] INFO  com.chuf.sys.io.FileInputStreamTest - 输出:3
17:26:03.925 [main] INFO  com.chuf.sys.io.FileInputStreamTest - 输出:2
17:26:03.925 [main] INFO  com.chuf.sys.io.FileInputStreamTest - 输出:*
17:26:03.926 [main] INFO  com.chuf.sys.io.FileInputStreamTest - 输出:¼
17:26:03.926 [main] INFO  com.chuf.sys.io.FileInputStreamTest - 输出:&
17:26:03.926 [main] INFO  com.chuf.sys.io.FileInputStreamTest - 输出:*
17:26:03.926 [main] INFO  com.chuf.sys.io.FileInputStreamTest - 输出:@
17:26:03.926 [main] INFO  com.chuf.sys.io.FileInputStreamTest - 输出:
17:26:03.926 [main] INFO  com.chuf.sys.io.FileInputStreamTest - 输出:â
17:26:03.926 [main] INFO  com.chuf.sys.io.FileInputStreamTest - 输出:¦
17:26:03.927 [main] INFO  com.chuf.sys.io.FileInputStreamTest - 输出:¼
17:26:03.927 [main] INFO  com.chuf.sys.io.FileInputStreamTest - 输出:ï
17:26:03.927 [main] INFO  com.chuf.sys.io.FileInputStreamTest - 输出:
17:26:03.927 [main] INFO  com.chuf.sys.io.FileInputStreamTest - 输出:¿
17:26:03.927 [main] INFO  com.chuf.sys.io.FileInputStreamTest - 输出:*
17:26:03.927 [main] INFO  com.chuf.sys.io.FileInputStreamTest - 输出:â
17:26:03.927 [main] INFO  com.chuf.sys.io.FileInputStreamTest - 输出:¦
17:26:03.927 [main] INFO  com.chuf.sys.io.FileInputStreamTest - 输出:
17:26:03.927 [main] INFO  com.chuf.sys.io.FileInputStreamTest - 输出:ï
17:26:03.927 [main] INFO  com.chuf.sys.io.FileInputStreamTest - 输出:
17:26:03.928 [main] INFO  com.chuf.sys.io.FileInputStreamTest - 输出:¼
17:26:03.928 [main] INFO  com.chuf.sys.io.FileInputStreamTest - 输出:@
17:26:03.928 [main] INFO  com.chuf.sys.io.FileInputStreamTest - 输出:ï
17:26:03.928 [main] INFO  com.chuf.sys.io.FileInputStreamTest - 输出:
17:26:03.928 [main] INFO  com.chuf.sys.io.FileInputStreamTest - 输出:ï
17:26:03.928 [main] INFO  com.chuf.sys.io.FileInputStreamTest - 输出:
17:26:03.928 [main] INFO  com.chuf.sys.io.FileInputStreamTest - 输出:ï
17:26:03.928 [main] INFO  com.chuf.sys.io.FileInputStreamTest - 输出:
17:26:03.929 [main] INFO  com.chuf.sys.io.FileInputStreamTest - 输出:¼
17:26:03.929 [main] INFO  com.chuf.sys.io.FileInputStreamTest - 输出:*
17:26:03.929 [main] INFO  com.chuf.sys.io.FileInputStreamTest - 输出:ï
17:26:03.929 [main] INFO  com.chuf.sys.io.FileInputStreamTest - 输出:
17:26:03.929 [main] INFO  com.chuf.sys.io.FileInputStreamTest - 输出:ï
17:26:03.929 [main] INFO  com.chuf.sys.io.FileInputStreamTest - 输出:
17:26:03.929 [main] INFO  com.chuf.sys.io.FileInputStreamTest - 输出:ï
17:26:03.929 [main] INFO  com.chuf.sys.io.FileInputStreamTest - 输出:¥
17:26:03.929 [main] INFO  com.chuf.sys.io.FileInputStreamTest - 输出:¼
17:26:03.929 [main] INFO  com.chuf.sys.io.FileInputStreamTest - 输出:

17:26:03.929 [main] INFO  com.chuf.sys.io.FileInputStreamTest - 输出:
17:26:03.930 [main] INFO  com.chuf.sys.io.FileInputStreamTest - 输出:æ
17:26:03.930 [main] INFO  com.chuf.sys.io.FileInputStreamTest - 输出:
17:26:03.930 [main] INFO  com.chuf.sys.io.FileInputStreamTest - 输出:
17:26:03.930 [main] INFO  com.chuf.sys.io.FileInputStreamTest - 输出:ç
17:26:03.930 [main] INFO  com.chuf.sys.io.FileInputStreamTest - 输出:
17:26:03.930 [main] INFO  com.chuf.sys.io.FileInputStreamTest - 输出:
17:26:03.930 [main] INFO  com.chuf.sys.io.FileInputStreamTest - 输出:å
17:26:03.930 [main] INFO  com.chuf.sys.io.FileInputStreamTest - 输出:
17:26:03.930 [main] INFO  com.chuf.sys.io.FileInputStreamTest - 输出:¡
17:26:03.930 [main] INFO  com.chuf.sys.io.FileInputStreamTest - 输出:è
17:26:03.930 [main] INFO  com.chuf.sys.io.FileInputStreamTest - 输出:¾
17:26:03.931 [main] INFO  com.chuf.sys.io.FileInputStreamTest - 输出:»
17:26:03.931 [main] INFO  com.chuf.sys.io.FileInputStreamTest - 输出:ä
17:26:03.931 [main] INFO  com.chuf.sys.io.FileInputStreamTest - 输出:
17:26:03.931 [main] INFO  com.chuf.sys.io.FileInputStreamTest - 输出:¼
17:26:03.931 [main] INFO  com.chuf.sys.io.FileInputStreamTest - 输出:ä
17:26:03.931 [main] INFO  com.chuf.sys.io.FileInputStreamTest - 输出:
17:26:03.931 [main] INFO  com.chuf.sys.io.FileInputStreamTest - 输出:¤
17:26:03.931 [main] INFO  com.chuf.sys.io.FileInputStreamTest - 输出:æ
17:26:03.931 [main] INFO  com.chuf.sys.io.FileInputStreamTest - 输出:
17:26:03.931 [main] INFO  com.chuf.sys.io.FileInputStreamTest - 输出:²
17:26:03.931 [main] INFO  com.chuf.sys.io.FileInputStreamTest - 输出:ï
17:26:03.932 [main] INFO  com.chuf.sys.io.FileInputStreamTest - 输出:
17:26:03.932 [main] INFO  com.chuf.sys.io.FileInputStreamTest - 输出:
17:26:03.932 [main] INFO  com.chuf.sys.io.FileInputStreamTest - 输出:å
17:26:03.932 [main] INFO  com.chuf.sys.io.FileInputStreamTest - 输出:°
17:26:03.932 [main] INFO  com.chuf.sys.io.FileInputStreamTest - 输出:º
17:26:03.932 [main] INFO  com.chuf.sys.io.FileInputStreamTest - 输出:å
17:26:03.932 [main] INFO  com.chuf.sys.io.FileInputStreamTest - 输出:¶
17:26:03.932 [main] INFO  com.chuf.sys.io.FileInputStreamTest - 输出:¹
17:26:03.932 [main] INFO  com.chuf.sys.io.FileInputStreamTest - 输出:ç
17:26:03.932 [main] INFO  com.chuf.sys.io.FileInputStreamTest - 输出:
17:26:03.932 [main] INFO  com.chuf.sys.io.FileInputStreamTest - 输出:￿
17:26:20.605 [main] INFO  com.chuf.sys.io.FileInputStreamTest - 输出:154
17:26:20.609 [main] INFO  com.chuf.sys.io.FileInputStreamTest - 输出:229
17:26:20.609 [main] INFO  com.chuf.sys.io.FileInputStreamTest - 输出:189
17:26:20.609 [main] INFO  com.chuf.sys.io.FileInputStreamTest - 输出:176
17:26:20.610 [main] INFO  com.chuf.sys.io.FileInputStreamTest - 输出:231
17:26:20.610 [main] INFO  com.chuf.sys.io.FileInputStreamTest - 输出:178
17:26:20.610 [main] INFO  com.chuf.sys.io.FileInputStreamTest - 输出:143
17:26:20.610 [main] INFO  com.chuf.sys.io.FileInputStreamTest - 输出:228
17:26:20.610 [main] INFO  com.chuf.sys.io.FileInputStreamTest - 输出:157
17:26:20.610 [main] INFO  com.chuf.sys.io.FileInputStreamTest - 输出:130
17:26:20.610 [main] INFO  com.chuf.sys.io.FileInputStreamTest - 输出:229
17:26:20.611 [main] INFO  com.chuf.sys.io.FileInputStreamTest - 输出:136
17:26:20.611 [main] INFO  com.chuf.sys.io.FileInputStreamTest - 输出:184
17:26:20.611 [main] INFO  com.chuf.sys.io.FileInputStreamTest - 输出:229
17:26:20.611 [main] INFO  com.chuf.sys.io.FileInputStreamTest - 输出:167
17:26:20.611 [main] INFO  com.chuf.sys.io.FileInputStreamTest - 输出:139
17:26:20.611 [main] INFO  com.chuf.sys.io.FileInputStreamTest - 输出:229
17:26:20.611 [main] INFO  com.chuf.sys.io.FileInputStreamTest - 输出:143
17:26:20.611 [main] INFO  com.chuf.sys.io.FileInputStreamTest - 输出:161
17:26:20.612 [main] INFO  com.chuf.sys.io.FileInputStreamTest - 输出:231
17:26:20.612 [main] INFO  com.chuf.sys.io.FileInputStreamTest - 输出:181
17:26:20.612 [main] INFO  com.chuf.sys.io.FileInputStreamTest - 输出:129
17:26:20.612 [main] INFO  com.chuf.sys.io.FileInputStreamTest - 输出:229
17:26:20.612 [main] INFO  com.chuf.sys.io.FileInputStreamTest - 输出:162
17:26:20.612 [main] INFO  com.chuf.sys.io.FileInputStreamTest - 输出:136
17:26:20.612 [main] INFO  com.chuf.sys.io.FileInputStreamTest - 输出:10
17:26:20.612 [main] INFO  com.chuf.sys.io.FileInputStreamTest - 输出:106
17:26:20.612 [main] INFO  com.chuf.sys.io.FileInputStreamTest - 输出:97
17:26:20.612 [main] INFO  com.chuf.sys.io.FileInputStreamTest - 输出:104
17:26:20.613 [main] INFO  com.chuf.sys.io.FileInputStreamTest - 输出:108
17:26:20.613 [main] INFO  com.chuf.sys.io.FileInputStreamTest - 输出:97
17:26:20.613 [main] INFO  com.chuf.sys.io.FileInputStreamTest - 输出:107
17:26:20.613 [main] INFO  com.chuf.sys.io.FileInputStreamTest - 输出:100
17:26:20.613 [main] INFO  com.chuf.sys.io.FileInputStreamTest - 输出:105
17:26:20.613 [main] INFO  com.chuf.sys.io.FileInputStreamTest - 输出:117
17:26:20.613 [main] INFO  com.chuf.sys.io.FileInputStreamTest - 输出:105
17:26:20.613 [main] INFO  com.chuf.sys.io.FileInputStreamTest - 输出:119
17:26:20.614 [main] INFO  com.chuf.sys.io.FileInputStreamTest - 输出:114
17:26:20.614 [main] INFO  com.chuf.sys.io.FileInputStreamTest - 输出:97
17:26:20.614 [main] INFO  com.chuf.sys.io.FileInputStreamTest - 输出:115
17:26:20.614 [main] INFO  com.chuf.sys.io.FileInputStreamTest - 输出:64
17:26:20.614 [main] INFO  com.chuf.sys.io.FileInputStreamTest - 输出:51
17:26:20.614 [main] INFO  com.chuf.sys.io.FileInputStreamTest - 输出:50
17:26:20.614 [main] INFO  com.chuf.sys.io.FileInputStreamTest - 输出:42
17:26:20.614 [main] INFO  com.chuf.sys.io.FileInputStreamTest - 输出:188
17:26:20.614 [main] INFO  com.chuf.sys.io.FileInputStreamTest - 输出:38
17:26:20.615 [main] INFO  com.chuf.sys.io.FileInputStreamTest - 输出:42
17:26:20.615 [main] INFO  com.chuf.sys.io.FileInputStreamTest - 输出:64
17:26:20.615 [main] INFO  com.chuf.sys.io.FileInputStreamTest - 输出:128
17:26:20.615 [main] INFO  com.chuf.sys.io.FileInputStreamTest - 输出:226
17:26:20.615 [main] INFO  com.chuf.sys.io.FileInputStreamTest - 输出:166
17:26:20.615 [main] INFO  com.chuf.sys.io.FileInputStreamTest - 输出:188
17:26:20.615 [main] INFO  com.chuf.sys.io.FileInputStreamTest - 输出:239
17:26:20.615 [main] INFO  com.chuf.sys.io.FileInputStreamTest - 输出:136
17:26:20.615 [main] INFO  com.chuf.sys.io.FileInputStreamTest - 输出:191
17:26:20.615 [main] INFO  com.chuf.sys.io.FileInputStreamTest - 输出:42
17:26:20.615 [main] INFO  com.chuf.sys.io.FileInputStreamTest - 输出:226
17:26:20.616 [main] INFO  com.chuf.sys.io.FileInputStreamTest - 输出:166
17:26:20.616 [main] INFO  com.chuf.sys.io.FileInputStreamTest - 输出:128
17:26:20.616 [main] INFO  com.chuf.sys.io.FileInputStreamTest - 输出:239
17:26:20.616 [main] INFO  com.chuf.sys.io.FileInputStreamTest - 输出:129
17:26:20.616 [main] INFO  com.chuf.sys.io.FileInputStreamTest - 输出:188
17:26:20.616 [main] INFO  com.chuf.sys.io.FileInputStreamTest - 输出:64
17:26:20.616 [main] INFO  com.chuf.sys.io.FileInputStreamTest - 输出:239
17:26:20.616 [main] INFO  com.chuf.sys.io.FileInputStreamTest - 输出:137
17:26:20.617 [main] INFO  com.chuf.sys.io.FileInputStreamTest - 输出:239
17:26:20.617 [main] INFO  com.chuf.sys.io.FileInputStreamTest - 输出:129
17:26:20.617 [main] INFO  com.chuf.sys.io.FileInputStreamTest - 输出:239
17:26:20.617 [main] INFO  com.chuf.sys.io.FileInputStreamTest - 输出:137
17:26:20.617 [main] INFO  com.chuf.sys.io.FileInputStreamTest - 输出:188
17:26:20.617 [main] INFO  com.chuf.sys.io.FileInputStreamTest - 输出:42
17:26:20.617 [main] INFO  com.chuf.sys.io.FileInputStreamTest - 输出:239
17:26:20.617 [main] INFO  com.chuf.sys.io.FileInputStreamTest - 输出:136
17:26:20.617 [main] INFO  com.chuf.sys.io.FileInputStreamTest - 输出:239
17:26:20.618 [main] INFO  com.chuf.sys.io.FileInputStreamTest - 输出:129
17:26:20.618 [main] INFO  com.chuf.sys.io.FileInputStreamTest - 输出:239
17:26:20.618 [main] INFO  com.chuf.sys.io.FileInputStreamTest - 输出:165
17:26:20.618 [main] INFO  com.chuf.sys.io.FileInputStreamTest - 输出:188
17:26:20.618 [main] INFO  com.chuf.sys.io.FileInputStreamTest - 输出:10
17:26:20.618 [main] INFO  com.chuf.sys.io.FileInputStreamTest - 输出:137
17:26:20.618 [main] INFO  com.chuf.sys.io.FileInputStreamTest - 输出:230
17:26:20.618 [main] INFO  com.chuf.sys.io.FileInputStreamTest - 输出:139
17:26:20.618 [main] INFO  com.chuf.sys.io.FileInputStreamTest - 输出:144
17:26:20.619 [main] INFO  com.chuf.sys.io.FileInputStreamTest - 输出:231
17:26:20.619 [main] INFO  com.chuf.sys.io.FileInputStreamTest - 输出:132
17:26:20.619 [main] INFO  com.chuf.sys.io.FileInputStreamTest - 输出:133
17:26:20.619 [main] INFO  com.chuf.sys.io.FileInputStreamTest - 输出:229
17:26:20.619 [main] INFO  com.chuf.sys.io.FileInputStreamTest - 输出:129
17:26:20.619 [main] INFO  com.chuf.sys.io.FileInputStreamTest - 输出:161
17:26:20.619 [main] INFO  com.chuf.sys.io.FileInputStreamTest - 输出:232
17:26:20.619 [main] INFO  com.chuf.sys.io.FileInputStreamTest - 输出:190
17:26:20.619 [main] INFO  com.chuf.sys.io.FileInputStreamTest - 输出:187
17:26:20.620 [main] INFO  com.chuf.sys.io.FileInputStreamTest - 输出:228
17:26:20.620 [main] INFO  com.chuf.sys.io.FileInputStreamTest - 输出:136
17:26:20.620 [main] INFO  com.chuf.sys.io.FileInputStreamTest - 输出:188
17:26:20.620 [main] INFO  com.chuf.sys.io.FileInputStreamTest - 输出:228
17:26:20.620 [main] INFO  com.chuf.sys.io.FileInputStreamTest - 输出:141
17:26:20.620 [main] INFO  com.chuf.sys.io.FileInputStreamTest - 输出:164
17:26:20.620 [main] INFO  com.chuf.sys.io.FileInputStreamTest - 输出:230
17:26:20.620 [main] INFO  com.chuf.sys.io.FileInputStreamTest - 输出:133
17:26:20.620 [main] INFO  com.chuf.sys.io.FileInputStreamTest - 输出:178
17:26:20.621 [main] INFO  com.chuf.sys.io.FileInputStreamTest - 输出:239
17:26:20.621 [main] INFO  com.chuf.sys.io.FileInputStreamTest - 输出:140
17:26:20.621 [main] INFO  com.chuf.sys.io.FileInputStreamTest - 输出:156
17:26:20.621 [main] INFO  com.chuf.sys.io.FileInputStreamTest - 输出:229
17:26:20.621 [main] INFO  com.chuf.sys.io.FileInputStreamTest - 输出:176
17:26:20.621 [main] INFO  com.chuf.sys.io.FileInputStreamTest - 输出:186
17:26:20.621 [main] INFO  com.chuf.sys.io.FileInputStreamTest - 输出:229
17:26:20.621 [main] INFO  com.chuf.sys.io.FileInputStreamTest - 输出:182
17:26:20.621 [main] INFO  com.chuf.sys.io.FileInputStreamTest - 输出:185
17:26:20.621 [main] INFO  com.chuf.sys.io.FileInputStreamTest - 输出:231
17:26:20.621 [main] INFO  com.chuf.sys.io.FileInputStreamTest - 输出:143
17:26:20.621 [main] INFO  com.chuf.sys.io.FileInputStreamTest - 输出:-1
17:26:41.144 [main] INFO  com.chuf.sys.io.FileInputStreamTest - 输出:154
17:26:41.149 [main] INFO  com.chuf.sys.io.FileInputStreamTest - 输出:229
17:26:41.150 [main] INFO  com.chuf.sys.io.FileInputStreamTest - 输出:189
17:26:41.150 [main] INFO  com.chuf.sys.io.FileInputStreamTest - 输出:176
17:26:41.150 [main] INFO  com.chuf.sys.io.FileInputStreamTest - 输出:231
17:26:41.150 [main] INFO  com.chuf.sys.io.FileInputStreamTest - 输出:178
17:26:41.150 [main] INFO  com.chuf.sys.io.FileInputStreamTest - 输出:143
17:26:41.150 [main] INFO  com.chuf.sys.io.FileInputStreamTest - 输出:228
17:26:41.150 [main] INFO  com.chuf.sys.io.FileInputStreamTest - 输出:157
17:26:41.151 [main] INFO  com.chuf.sys.io.FileInputStreamTest - 输出:130
17:26:41.151 [main] INFO  com.chuf.sys.io.FileInputStreamTest - 输出:229
17:26:41.151 [main] INFO  com.chuf.sys.io.FileInputStreamTest - 输出:136
17:26:41.151 [main] INFO  com.chuf.sys.io.FileInputStreamTest - 输出:184
17:26:41.151 [main] INFO  com.chuf.sys.io.FileInputStreamTest - 输出:229
17:26:41.152 [main] INFO  com.chuf.sys.io.FileInputStreamTest - 输出:167
17:26:41.152 [main] INFO  com.chuf.sys.io.FileInputStreamTest - 输出:139
17:26:41.152 [main] INFO  com.chuf.sys.io.FileInputStreamTest - 输出:229
17:26:41.152 [main] INFO  com.chuf.sys.io.FileInputStreamTest - 输出:143
17:26:41.152 [main] INFO  com.chuf.sys.io.FileInputStreamTest - 输出:161
17:26:41.152 [main] INFO  com.chuf.sys.io.FileInputStreamTest - 输出:231
17:26:41.152 [main] INFO  com.chuf.sys.io.FileInputStreamTest - 输出:181
17:26:41.153 [main] INFO  com.chuf.sys.io.FileInputStreamTest - 输出:129
17:26:41.153 [main] INFO  com.chuf.sys.io.FileInputStreamTest - 输出:229
17:26:41.153 [main] INFO  com.chuf.sys.io.FileInputStreamTest - 输出:162
17:26:41.153 [main] INFO  com.chuf.sys.io.FileInputStreamTest - 输出:136
17:26:41.153 [main] INFO  com.chuf.sys.io.FileInputStreamTest - 输出:10
17:26:41.153 [main] INFO  com.chuf.sys.io.FileInputStreamTest - 输出:106
17:26:41.153 [main] INFO  com.chuf.sys.io.FileInputStreamTest - 输出:97
17:26:41.153 [main] INFO  com.chuf.sys.io.FileInputStreamTest - 输出:104
17:26:41.153 [main] INFO  com.chuf.sys.io.FileInputStreamTest - 输出:108
17:26:41.153 [main] INFO  com.chuf.sys.io.FileInputStreamTest - 输出:97
17:26:41.154 [main] INFO  com.chuf.sys.io.FileInputStreamTest - 输出:107
17:26:41.154 [main] INFO  com.chuf.sys.io.FileInputStreamTest - 输出:100
17:26:41.154 [main] INFO  com.chuf.sys.io.FileInputStreamTest - 输出:105
17:26:41.154 [main] INFO  com.chuf.sys.io.FileInputStreamTest - 输出:117
17:26:41.154 [main] INFO  com.chuf.sys.io.FileInputStreamTest - 输出:105
17:26:41.154 [main] INFO  com.chuf.sys.io.FileInputStreamTest - 输出:119
17:26:41.154 [main] INFO  com.chuf.sys.io.FileInputStreamTest - 输出:114
17:26:41.154 [main] INFO  com.chuf.sys.io.FileInputStreamTest - 输出:97
17:26:41.154 [main] INFO  com.chuf.sys.io.FileInputStreamTest - 输出:115
17:26:41.154 [main] INFO  com.chuf.sys.io.FileInputStreamTest - 输出:64
17:26:41.155 [main] INFO  com.chuf.sys.io.FileInputStreamTest - 输出:51
17:26:41.155 [main] INFO  com.chuf.sys.io.FileInputStreamTest - 输出:50
17:26:41.155 [main] INFO  com.chuf.sys.io.FileInputStreamTest - 输出:42
17:26:41.155 [main] INFO  com.chuf.sys.io.FileInputStreamTest - 输出:188
17:26:41.155 [main] INFO  com.chuf.sys.io.FileInputStreamTest - 输出:38
17:26:41.155 [main] INFO  com.chuf.sys.io.FileInputStreamTest - 输出:42
17:26:41.155 [main] INFO  com.chuf.sys.io.FileInputStreamTest - 输出:64
17:26:41.155 [main] INFO  com.chuf.sys.io.FileInputStreamTest - 输出:128
17:26:41.155 [main] INFO  com.chuf.sys.io.FileInputStreamTest - 输出:226
17:26:41.156 [main] INFO  com.chuf.sys.io.FileInputStreamTest - 输出:166
17:26:41.156 [main] INFO  com.chuf.sys.io.FileInputStreamTest - 输出:188
17:26:41.156 [main] INFO  com.chuf.sys.io.FileInputStreamTest - 输出:239
17:26:41.156 [main] INFO  com.chuf.sys.io.FileInputStreamTest - 输出:136
17:26:41.156 [main] INFO  com.chuf.sys.io.FileInputStreamTest - 输出:191
17:26:41.156 [main] INFO  com.chuf.sys.io.FileInputStreamTest - 输出:42
17:26:41.156 [main] INFO  com.chuf.sys.io.FileInputStreamTest - 输出:226
17:26:41.157 [main] INFO  com.chuf.sys.io.FileInputStreamTest - 输出:166
17:26:41.157 [main] INFO  com.chuf.sys.io.FileInputStreamTest - 输出:128
17:26:41.157 [main] INFO  com.chuf.sys.io.FileInputStreamTest - 输出:239
17:26:41.157 [main] INFO  com.chuf.sys.io.FileInputStreamTest - 输出:129
17:26:41.157 [main] INFO  com.chuf.sys.io.FileInputStreamTest - 输出:188
17:26:41.157 [main] INFO  com.chuf.sys.io.FileInputStreamTest - 输出:64
17:26:41.157 [main] INFO  com.chuf.sys.io.FileInputStreamTest - 输出:239
17:26:41.158 [main] INFO  com.chuf.sys.io.FileInputStreamTest - 输出:137
17:26:41.158 [main] INFO  com.chuf.sys.io.FileInputStreamTest - 输出:239
17:26:41.158 [main] INFO  com.chuf.sys.io.FileInputStreamTest - 输出:129
17:26:41.158 [main] INFO  com.chuf.sys.io.FileInputStreamTest - 输出:239
17:26:41.158 [main] INFO  com.chuf.sys.io.FileInputStreamTest - 输出:137
17:26:41.159 [main] INFO  com.chuf.sys.io.FileInputStreamTest - 输出:188
17:26:41.159 [main] INFO  com.chuf.sys.io.FileInputStreamTest - 输出:42
17:26:41.160 [main] INFO  com.chuf.sys.io.FileInputStreamTest - 输出:239
17:26:41.160 [main] INFO  com.chuf.sys.io.FileInputStreamTest - 输出:136
17:26:41.160 [main] INFO  com.chuf.sys.io.FileInputStreamTest - 输出:239
17:26:41.160 [main] INFO  com.chuf.sys.io.FileInputStreamTest - 输出:129
17:26:41.160 [main] INFO  com.chuf.sys.io.FileInputStreamTest - 输出:239
17:26:41.161 [main] INFO  com.chuf.sys.io.FileInputStreamTest - 输出:165
17:26:41.161 [main] INFO  com.chuf.sys.io.FileInputStreamTest - 输出:188
17:26:41.161 [main] INFO  com.chuf.sys.io.FileInputStreamTest - 输出:10
17:26:41.161 [main] INFO  com.chuf.sys.io.FileInputStreamTest - 输出:137
17:26:41.161 [main] INFO  com.chuf.sys.io.FileInputStreamTest - 输出:230
17:26:41.161 [main] INFO  com.chuf.sys.io.FileInputStreamTest - 输出:139
17:26:41.161 [main] INFO  com.chuf.sys.io.FileInputStreamTest - 输出:144
17:26:41.162 [main] INFO  com.chuf.sys.io.FileInputStreamTest - 输出:231
17:26:41.162 [main] INFO  com.chuf.sys.io.FileInputStreamTest - 输出:132
17:26:41.162 [main] INFO  com.chuf.sys.io.FileInputStreamTest - 输出:133
17:26:41.162 [main] INFO  com.chuf.sys.io.FileInputStreamTest - 输出:229
17:26:41.162 [main] INFO  com.chuf.sys.io.FileInputStreamTest - 输出:129
17:26:41.163 [main] INFO  com.chuf.sys.io.FileInputStreamTest - 输出:161
17:26:41.163 [main] INFO  com.chuf.sys.io.FileInputStreamTest - 输出:232
17:26:41.163 [main] INFO  com.chuf.sys.io.FileInputStreamTest - 输出:190
17:26:41.163 [main] INFO  com.chuf.sys.io.FileInputStreamTest - 输出:187
17:26:41.163 [main] INFO  com.chuf.sys.io.FileInputStreamTest - 输出:228
17:26:41.163 [main] INFO  com.chuf.sys.io.FileInputStreamTest - 输出:136
17:26:41.163 [main] INFO  com.chuf.sys.io.FileInputStreamTest - 输出:188
17:26:41.163 [main] INFO  com.chuf.sys.io.FileInputStreamTest - 输出:228
17:26:41.163 [main] INFO  com.chuf.sys.io.FileInputStreamTest - 输出:141
17:26:41.163 [main] INFO  com.chuf.sys.io.FileInputStreamTest - 输出:164
17:26:41.164 [main] INFO  com.chuf.sys.io.FileInputStreamTest - 输出:230
17:26:41.164 [main] INFO  com.chuf.sys.io.FileInputStreamTest - 输出:133
17:26:41.164 [main] INFO  com.chuf.sys.io.FileInputStreamTest - 输出:178
17:26:41.164 [main] INFO  com.chuf.sys.io.FileInputStreamTest - 输出:239
17:26:41.164 [main] INFO  com.chuf.sys.io.FileInputStreamTest - 输出:140
17:26:41.164 [main] INFO  com.chuf.sys.io.FileInputStreamTest - 输出:156
17:26:41.164 [main] INFO  com.chuf.sys.io.FileInputStreamTest - 输出:229
17:26:41.165 [main] INFO  com.chuf.sys.io.FileInputStreamTest - 输出:176
17:26:41.165 [main] INFO  com.chuf.sys.io.FileInputStreamTest - 输出:186
17:26:41.165 [main] INFO  com.chuf.sys.io.FileInputStreamTest - 输出:229
17:26:41.165 [main] INFO  com.chuf.sys.io.FileInputStreamTest - 输出:182
17:26:41.165 [main] INFO  com.chuf.sys.io.FileInputStreamTest - 输出:185
17:26:41.165 [main] INFO  com.chuf.sys.io.FileInputStreamTest - 输出:231
17:26:41.165 [main] INFO  com.chuf.sys.io.FileInputStreamTest - 输出:143
17:28:30.131 [main] INFO  com.chuf.sys.io.FileInputStreamTest - 输出:-1
17:34:07.898 [main] INFO  com.chuf.sys.io.FileInputStreamTest - 输出:的好尬牲口九点哈师大拉宏桑电联客户
djsakhdlkaskhdwiouoiqwhrkaas
@13821*（&#*&@……！（￥*&……！（@&）@！#）（*&（@！&￥（
打手吗的八十表达什么，不大梅沙，本地库家乐福
